<?xml version="1.0" encoding="UTF-8"?>
<!-- Generated by org.testng.reporters.JUnitReportReporter -->
<testsuite hostname="DESKTOP-8F1BUI0" failures="0" tests="1" name="com.test.Login" time="3.914" errors="0" timestamp="2023-04-17T21:41:09 IST" skipped="0">
  <testcase classname="com.test.Login" name="login" time="3.914"/>
  <system-out/>
</testsuite> <!-- com.test.Login -->
