<?xml version="1.0" encoding="UTF-8"?>
<!-- Generated by org.testng.reporters.JUnitReportReporter -->
<testsuite hostname="DESKTOP-8F1BUI0" failures="0" tests="1" name="practicetask.Radiobutton" time="12.541" errors="0" timestamp="2023-03-28T11:51:44 IST" skipped="0">
  <testcase classname="practicetask.Radiobutton" name="radio" time="12.541"/>
  <system-out/>
</testsuite> <!-- practicetask.Radiobutton -->
