<?xml version="1.0" encoding="UTF-8"?>
<!-- Generated by org.testng.reporters.JUnitReportReporter -->
<testsuite hostname="DESKTOP-8F1BUI0" failures="0" tests="1" name="Saasuattestsuit.Url" time="0.088" errors="0" timestamp="2023-04-15T16:28:30 IST" skipped="0">
  <testcase classname="Saasuattestsuit.Url" name="url" time="0.088"/>
  <system-out/>
</testsuite> <!-- Saasuattestsuit.Url -->
