<?xml version="1.0" encoding="UTF-8"?>
<!-- Generated by org.testng.reporters.JUnitReportReporter -->
<testsuite hostname="DESKTOP-8F1BUI0" failures="0" tests="1" name="practicetask.Textarea" time="13.240" errors="0" timestamp="2023-03-21T16:14:06 IST" skipped="0">
  <testcase classname="practicetask.Textarea" name="Textarea" time="13.240"/>
  <system-out/>
</testsuite> <!-- practicetask.Textarea -->
