<?xml version="1.0" encoding="UTF-8"?>
<!-- Generated by org.testng.reporters.JUnitReportReporter -->
<testsuite hostname="DESKTOP-8F1BUI0" failures="0" tests="1" name="videoupload.VideoUpload" time="38.043" errors="0" timestamp="2023-04-20T16:51:19 IST" skipped="0">
  <testcase classname="videoupload.VideoUpload" name="VideoUpload1" time="38.043"/>
  <system-out/>
</testsuite> <!-- videoupload.VideoUpload -->
