<?xml version="1.0" encoding="UTF-8"?>
<!-- Generated by org.testng.reporters.JUnitReportReporter -->
<testsuite hostname="DESKTOP-8F1BUI0" failures="0" tests="1" name="practicetask.Dropdown" time="19.022" errors="0" timestamp="2023-03-28T22:57:31 IST" skipped="0">
  <testcase classname="practicetask.Dropdown" name="dropdown" time="19.022"/>
  <system-out/>
</testsuite> <!-- practicetask.Dropdown -->
